1652993174606	geckodriver	INFO	Listening on 127.0.0.1:38617
1652993174642	mozrunner::runner	INFO	Running command: "/usr/bin/firefox" "--marionette" "--remote-debugging-port" "43777" "--remote-allow-hosts" "localhost" "-no-remote" "-profile" "/tmp/rust_mozprofileg7nUiU"
ATTENTION: default value of option mesa_glthread overridden by environment.
ATTENTION: default value of option mesa_glthread overridden by environment.
ATTENTION: default value of option mesa_glthread overridden by environment.
ATTENTION: default value of option mesa_glthread overridden by environment.
1652993178093	Marionette	INFO	Marionette enabled
console.warn: SearchSettings: "get: No settings file exists, new profile?" (new NotFoundError("Could not open the file at /tmp/rust_mozprofileg7nUiU/search.json.mozlz4", (void 0)))
DevTools listening on ws://localhost:43777/devtools/browser/2010b1b5-3be1-4c5e-8598-523f8bc8a948
1652993183128	Marionette	INFO	Listening on port 41995
Read port: 41995
1652993183280	RemoteAgent	WARN	TLS certificate errors will be ignored for this session
JavaScript warning: https://stepik.azureedge.net/static/frontend-build/vendor.js?v=1652711072, line 6289: unreachable code after return statement
JavaScript warning: https://mc.yandex.ru/metrika/tag.js, line 17: WEBGL_debug_renderer_info is deprecated in Firefox and will be removed. Please use RENDERER.
JavaScript error: https://stepik.azureedge.net/static/frontend-build/vendor.js?v=1652711072, line 6105: Error: Expected: '<assignment:568645>' to be present in the adapter provided payload, but it was not found.
1652993199623	Marionette	INFO	Stopped listening on port 41995
console.warn: TopSitesFeed: Failed to fetch data from Contile server: NetworkError when attempting to fetch resource.
Sandbox: Unexpected EOF, op 0 flags 00 path /proc/cpuinfo
1652993919632	geckodriver	INFO	Listening on 127.0.0.1:56029
1652993919638	mozrunner::runner	INFO	Running command: "/usr/bin/firefox" "--marionette" "--remote-debugging-port" "58675" "--remote-allow-hosts" "localhost" "-no-remote" "-profile" "/tmp/rust_mozprofileezl9Nn"
ATTENTION: default value of option mesa_glthread overridden by environment.
ATTENTION: default value of option mesa_glthread overridden by environment.
ATTENTION: default value of option mesa_glthread overridden by environment.
ATTENTION: default value of option mesa_glthread overridden by environment.
1652993922178	Marionette	INFO	Marionette enabled
console.warn: SearchSettings: "get: No settings file exists, new profile?" (new NotFoundError("Could not open the file at /tmp/rust_mozprofileezl9Nn/search.json.mozlz4", (void 0)))
DevTools listening on ws://localhost:58675/devtools/browser/25630d7e-8756-4a8c-b1f8-f0fd58d8dfd4
1652993925796	Marionette	INFO	Listening on port 42379
Read port: 42379
1652993926007	RemoteAgent	WARN	TLS certificate errors will be ignored for this session
1652993929314	Marionette	WARN	Ignoring event 'DOMContentLoaded' because document has an invalid readyState of 'complete'.
1652993930704	Marionette	INFO	Stopped listening on port 42379
JavaScript error: resource://gre/modules/UrlClassifierListManager.jsm, line 691: TypeError: this.tablesData[table] is undefined
console.warn: TopSitesFeed: Failed to fetch data from Contile server: NetworkError when attempting to fetch resource.
JavaScript error: chrome://remote/content/marionette/cert.js, line 55: NS_ERROR_NOT_AVAILABLE: Component returned failure code: 0x80040111 (NS_ERROR_NOT_AVAILABLE) [nsICertOverrideService.setDisableAllSecurityChecksAndLetAttackersInterceptMyData]
1652993930884	geckodriver::marionette	ERROR	Failed to close browser connection: Socket not connected (os error 107)
JavaScript error: resource://gre/modules/Sqlite.jsm, line 963: Error: Error(s) encountered during statement execution: disk I/O error
[2022-05-19T20:58:51Z ERROR glean] Can't persist ping lifetime data: Error { kind: Rkv(IoError(Os { code: 2, kind: NotFound, message: "Нет такого файла или каталога" })) }
